Arguments: 
  D:\Programme\nodejs\node.exe D:\Programme\Yarn\bin\yarn.js add juqery

PATH: 
  D:\Programme\cmder\vendor\git-for-windows\mingw64\bin;D:\Programme\cmder\vendor\git-for-windows\usr\bin;C:\Users\34153\bin;C:\Program Files\Broadcom\Broadcom 802.11 Network Adapter;C:\Windows\system32;C:\Windows;C:\Windows\System32\Wbem;C:\Windows\System32\WindowsPowerShell\v1.0;C:\Windows\System32\OpenSSH;D:\Programme\cmder;D:\Programme\nodejs;D:\Programme\Yarn\bin;C:\Users\34153\AppData\Local\Microsoft\WindowsApps;D:\Unpacker\Bandizip;D:\Programme\Microsoft VS Code\bin;C:\Users\34153\AppData\Roaming\npm;D:\Programme\nodejs;C:\Users\34153\AppData\Local\Yarn\bin;D:\Programme\WebStorm 2020.1\bin;D:\Programme\IntelliJ IDEA 2019.3.3\bin

Yarn version: 
  1.22.0

Node version: 
  10.19.0

Platform: 
  win32 x64

Trace: 
  Error: https://registry.npm.taobao.org/juqery: Not found
      at Request.params.callback [as _callback] (D:\Programme\Yarn\lib\cli.js:66084:18)
      at Request.self.callback (D:\Programme\Yarn\lib\cli.js:140727:22)
      at Request.emit (events.js:198:13)
      at Request.<anonymous> (D:\Programme\Yarn\lib\cli.js:141699:10)
      at Request.emit (events.js:198:13)
      at IncomingMessage.<anonymous> (D:\Programme\Yarn\lib\cli.js:141621:12)
      at Object.onceWrapper (events.js:286:20)
      at IncomingMessage.emit (events.js:203:15)
      at endReadableNT (_stream_readable.js:1145:12)
      at process._tickCallback (internal/process/next_tick.js:63:19)

npm manifest: 
  {
    "name": "MVC",
    "version": "1.0.0",
    "main": "index.js",
    "repository": "git@github.com:Layouwen/MVC.git",
    "author": "Layouwen <Layouwen@gmail.com>",
    "license": "MIT",
    "dependencies": {
      "jquery": "^3.5.1"
    }
  }

yarn manifest: 
  No manifest

Lockfile: 
  # THIS IS AN AUTOGENERATED FILE. DO NOT EDIT THIS FILE DIRECTLY.
  # yarn lockfile v1
  
  
  jquery@^3.5.1:
    version "3.5.1"
    resolved "https://registry.npm.taobao.org/jquery/download/jquery-3.5.1.tgz#d7b4d08e1bfdb86ad2f1a3d039ea17304717abb5"
    integrity sha1-17TQjhv9uGrS8aPQOeoXMEcXq7U=
